979
672
903
1638
735
539
574
1554
786
1018
564
1081
832
795
1257
1146
890
1076
864
718
1327
1180
186
1532
980
809
451
1689
602
397
1070
1066
286
1695
785
1664
617
961
513
713
950
1004
382
649
1128
832
1549
1106
942
928
1145
1782
1388
509
1119
1338
686
417
964
1013
1049
1238
1663
1381
1076
1233
1825
931
669
1068
1599
806
677
1318
1273
1699
1079
873
1187
281
517
437
481
513
773
883
933
1604
877
1240
1183
425
787
980
1518
1231
718
306
1024
1287
365
121
806
851
1572
781
936
993
447
1663
159
947
1509
989
1010
261
376
569
999
809
1455
282
739
1062
1191
1116
576
1163
1236
1565
1377
1539
105
856
501
621
1196
1294
144
1064
1056
627
1168
710
1885
602
1026
945
227
1194
389
1643
683
1441
252
1099
660
883
1436
1204
1787
1495
896
868
1165
810
847
63
1297
1272
979
776
1022
1434
1194
737
420
706
1642
1376
608
1284
1540
905
817
1333
478
1424
715
952
453
843
868
1127
1065
1245
641
53
825
995
1077
385
391
1044
1591
981
611
884
1268
937
466
1000
1659
261
970
1050
1526
1568
1163
966
561
775
1689
1565
618
293
1631
1152
1306
731
611
1295
1135
979
456
1027
838
1103
409
463
1122
1094
988
1000
1602
1542
459
1252
680
838
1123
1067
639
1435
790
1058
621
616
351
897
318
1068
256
290
1498
987
1931
512
176
1584
769
773
724
942
971
924
1203
956
1258
1310
294
289
328
771
666
1334
1945
723
491
690
1447
670
576
1055
1764
521
663
257
1543
386
354
546
822
896
900
693
1142
948
862
478
1340
658
722
867
1899
403
962
458
1180
1015
883
1374
967
691
1272
430
1104
1516
941
1015
607
1046
1283
1272
825
494
896
704
1137
1611
507
974
1072
1357
849
829
1757
967
1346
1477
1472
1822
786
1156
1863
1256
1756
976
673
1788
658
943
469
1407
1118
887
785
910
1186
1436
809
424
898
1345
1652
1035
731
1673
858
888
900
1514
1454
1244
420
648
1325
740
437
741
176
1347
701
1022
1059
1478
656
615
349
702
1464
934
388
987
707
857
474
751
1176
699
1602
1142
1097
1292
563
1153
1288
791
710
443
1448
1237
1445
1062
663
810
908
499
656
1394
709
1211
610
620
729
678
328
1047
851
1366
863
1744
1075
701
935
939
1589
589
1101
466
1209
932
1003
1253
1081
315
748
1590
231
502
1357
1770
516
1121
515
1343
1670
1203
1225
480
1050
1153
819
523
1010
1130
1403
1287
1188
460
921
351
1073
1216
8
1529
456
776
1424
1216
1284
1747
1221
1530
1372
1059
765
835
929
1083
1712
933
275
1362
950
1079
922
827
794
506
1317
411
895
868
268
1699
1512
101
1288
1451
1012
401
1331
1049
1503
1261
1040
833
1856
1724
600
1030
40
891
514
513
824
432
107
1204
978
408
1038
924
884
948
1075
566
1029
408
724
1013
1769
604
867
1406
201
833
974
1104
1376
1308
978
512
1227
497
1751
1465
896
1302
824
556
1470
1248
1066
1249
380
844
1355
1307
195
1504
239
1395
968
818
410
783
683
1271
1354
143
1030
1034
1234
966
1070
1319
1370
385
439
1123
1538
1665
908
894
1432
945
1911
1794
1268
1546
1161
593
560
843
1142
761
819
1802
1315
915
659
1161
831
1668
673
1337
1036
316
874
1532
73
625
695
494
1054
709
284
1230
800
1111
1024
1273
377
582
1664
1185
1355
549
1185
1030
1434
922
1597
729
981
1836
286
1013
630
827
1674
978
769
59
1484
1187
816
588
1187
763
1145
1120
620
1008
675
491
817
1354
939
1507
491
1316
710
1663
1186
989
955
710
1214
768
500
1233
1665
848
993
1002
955
759
1169
1527
755
663
626
231
1010
1694
1172
748
494
1393
898
938
1682
1506
1020
1183
1526
431
1137
939
599
582
1490
561
1863
441
347
565
949
1805
1035
1709
785
688
769
971
1206
1081
802
655
589
1355
396
860
939
308
1628
510
1129
265
789
212
1726
667
900
1145
1356
320
1368
1062
817
234
335
811
925
1280
1272
657
727
1477
543
1035
1075
621
1451
703
1018
1636
641
713
1489
1200
456
693
1077
1748
1763
1507
1064
216
758
688
770
1071
770
898
1766
927
903
351
760
571
836
297
1130
343
1388
633
1319
494
1477
1273
1479
421
789
291
837
976
835
1491
769
822
852
221
1148
1209
1114
801
634
881
931
869
948
388
1083
696
660
933
917
1626
830
619
1245
1462
584
1222
464
1248
1879
1093
1458
1784
233
1572
818
1158
990
1536
1093
1062
1271
1180
1346
1068
967
1166
874
495
1643
246
1219
1080
1099
421
1566
1835
1733
503
1374
1237
1650
742
1328
602
1270
367
1166
652
1010
388
498
324
1214
1216
1311
859
786
1416
756
1015
832
469
1766
217
1154
285
816
831
1392
502
454
599
903
1273
1027
634
1612
804
1207
1087
1582
960
966
1331
1781
990
164
1417
529
714
954
1311
1412
902
1103
932
1327
1012
630
580
151
598
1080
341
658
1085
347
1079
